<?xml version="1.0" encoding="UTF-8"?>
<!-- Generated by org.testng.reporters.JUnitXMLReporter -->
<testsuite ignored="0" hostname="LAPTOP-RNF7R3U9" failures="1" tests="2" name="Test" time="41.187" errors="0" timestamp="2021-03-27T18:24:54 EDT">
  <testcase classname="Tests.Test2" name="test" time="1.287"/>
  <testcase classname="Tests.Test1" name="test" time="19.798">
    <failure type="java.lang.AssertionError" message="expected [CREATE AN ACCOUN] but found [AUTHENTICATION]">
      <![CDATA[java.lang.AssertionError: expected [CREATE AN ACCOUN] but found [AUTHENTICATION]
at Tests.Test1.test(Test1.java:117)
at java.base/java.util.concurrent.ThreadPoolExecutor.runWorker(ThreadPoolExecutor.java:1130)
at java.base/java.util.concurrent.ThreadPoolExecutor$Worker.run(ThreadPoolExecutor.java:630)
at java.base/java.lang.Thread.run(Thread.java:832)
... Removed 18 stack frames]]>
    </failure>
  </testcase> <!-- test -->
</testsuite> <!-- Test -->
