-------------------------------------------------------------------------------
Test set: TestSuite
-------------------------------------------------------------------------------
Tests run: 2, Failures: 1, Errors: 0, Skipped: 0, Time elapsed: 30.439 s <<< FAILURE! - in TestSuite
Tests.Test1.test  Time elapsed: 10.608 s  <<< FAILURE!
java.lang.AssertionError: expected [CREATE AN ACCOUN] but found [CREATE AN ACCOUNT]
	at Tests.Test1.test(Test1.java:117)

