<?xml version="1.0" encoding="UTF-8"?>
<testng-results ignored="0" total="1" passed="1" failed="0" skipped="0">
  <reporter-output>
  </reporter-output>
  <suite started-at="2021-04-03T11:18:41 EDT" name="Default suite" finished-at="2021-04-03T11:19:21 EDT" duration-ms="39735">
    <groups>
    </groups>
    <test started-at="2021-04-03T11:18:41 EDT" name="Default test" finished-at="2021-04-03T11:19:21 EDT" duration-ms="39735">
      <class name="Tests.Test1">
        <test-method is-config="true" signature="initialized()[pri:0, instance:Tests.Test1@ab7a938]" started-at="2021-04-03T11:18:41 EDT" name="initialized" finished-at="2021-04-03T11:18:49 EDT" duration-ms="7813" status="PASS">
          <reporter-output>
          </reporter-output>
        </test-method> <!-- initialized -->
        <test-method signature="test()[pri:0, instance:Tests.Test1@ab7a938]" started-at="2021-04-03T11:18:49 EDT" name="test" finished-at="2021-04-03T11:19:16 EDT" duration-ms="26884" status="PASS">
          <reporter-output>
          </reporter-output>
        </test-method> <!-- test -->
        <test-method is-config="true" signature="terminate()[pri:0, instance:Tests.Test1@ab7a938]" started-at="2021-04-03T11:19:16 EDT" name="terminate" finished-at="2021-04-03T11:19:21 EDT" duration-ms="5012" status="PASS">
          <reporter-output>
          </reporter-output>
        </test-method> <!-- terminate -->
      </class> <!-- Tests.Test1 -->
    </test> <!-- Default test -->
  </suite> <!-- Default suite -->
</testng-results>
